{"/Users/gfranko/Yahoo!/cronshot/src/index.js":{"path":"/Users/gfranko/Yahoo!/cronshot/src/index.js","s":{"1":1,"2":1},"b":{},"f":{},"fnMap":{},"statementMap":{"1":{"start":{"line":8,"column":0},"end":{"line":8,"column":57}},"2":{"start":{"line":10,"column":0},"end":{"line":12,"column":2}}},"branchMap":{}},"/Users/gfranko/Yahoo!/cronshot/src/modules/startCapturing.js":{"path":"/Users/gfranko/Yahoo!/cronshot/src/modules/startCapturing.js","s":{"1":1,"2":12,"3":12,"4":1,"5":1,"6":11,"7":2,"8":2,"9":9,"10":1,"11":8,"12":9,"13":1,"14":11,"15":0,"16":11,"17":1,"18":2,"19":2,"20":1,"21":1,"22":0,"23":0,"24":0,"25":1,"26":1,"27":10},"b":{"1":[12,0],"2":[1,11],"3":[2,9],"4":[11,11],"5":[1,8],"6":[0,11],"7":[1,10],"8":[0,1]},"f":{"1":12,"2":11,"3":2,"4":2,"5":1},"fnMap":{"1":{"name":"(anonymous_1)","line":12,"loc":{"start":{"line":12,"column":17},"end":{"line":12,"column":42}}},"2":{"name":"(anonymous_2)","line":33,"loc":{"start":{"line":33,"column":17},"end":{"line":33,"column":52}}},"3":{"name":"(anonymous_3)","line":39,"loc":{"start":{"line":39,"column":37},"end":{"line":39,"column":51}}},"4":{"name":"(anonymous_4)","line":40,"loc":{"start":{"line":40,"column":19},"end":{"line":40,"column":32}}},"5":{"name":"(anonymous_5)","line":45,"loc":{"start":{"line":45,"column":38},"end":{"line":45,"column":52}}}},"statementMap":{"1":{"start":{"line":8,"column":0},"end":{"line":31,"column":6}},"2":{"start":{"line":14,"column":8},"end":{"line":15,"column":70}},"3":{"start":{"line":17,"column":8},"end":{"line":30,"column":9}},"4":{"start":{"line":18,"column":12},"end":{"line":18,"column":186}},"5":{"start":{"line":19,"column":12},"end":{"line":19,"column":70}},"6":{"start":{"line":20,"column":15},"end":{"line":30,"column":9}},"7":{"start":{"line":21,"column":12},"end":{"line":21,"column":159}},"8":{"start":{"line":22,"column":12},"end":{"line":22,"column":60}},"9":{"start":{"line":24,"column":12},"end":{"line":28,"column":13}},"10":{"start":{"line":25,"column":16},"end":{"line":25,"column":186}},"11":{"start":{"line":27,"column":16},"end":{"line":27,"column":133}},"12":{"start":{"line":29,"column":12},"end":{"line":29,"column":44}},"13":{"start":{"line":33,"column":0},"end":{"line":57,"column":2}},"14":{"start":{"line":34,"column":4},"end":{"line":36,"column":5}},"15":{"start":{"line":35,"column":8},"end":{"line":35,"column":40}},"16":{"start":{"line":38,"column":4},"end":{"line":56,"column":5}},"17":{"start":{"line":39,"column":8},"end":{"line":43,"column":11}},"18":{"start":{"line":40,"column":12},"end":{"line":42,"column":14}},"19":{"start":{"line":41,"column":16},"end":{"line":41,"column":36}},"20":{"start":{"line":45,"column":8},"end":{"line":53,"column":11}},"21":{"start":{"line":46,"column":12},"end":{"line":50,"column":13}},"22":{"start":{"line":47,"column":16},"end":{"line":47,"column":42}},"23":{"start":{"line":48,"column":16},"end":{"line":48,"column":40}},"24":{"start":{"line":49,"column":16},"end":{"line":49,"column":23}},"25":{"start":{"line":51,"column":12},"end":{"line":51,"column":127}},"26":{"start":{"line":52,"column":12},"end":{"line":52,"column":37}},"27":{"start":{"line":55,"column":8},"end":{"line":55,"column":45}}},"branchMap":{"1":{"line":14,"type":"cond-expr","locations":[{"start":{"line":14,"column":69},"end":{"line":14,"column":73}},{"start":{"line":14,"column":76},"end":{"line":14,"column":78}}]},"2":{"line":17,"type":"if","locations":[{"start":{"line":17,"column":8},"end":{"line":17,"column":8}},{"start":{"line":17,"column":8},"end":{"line":17,"column":8}}]},"3":{"line":20,"type":"if","locations":[{"start":{"line":20,"column":15},"end":{"line":20,"column":15}},{"start":{"line":20,"column":15},"end":{"line":20,"column":15}}]},"4":{"line":20,"type":"binary-expr","locations":[{"start":{"line":20,"column":19},"end":{"line":20,"column":45}},{"start":{"line":20,"column":49},"end":{"line":20,"column":61}}]},"5":{"line":24,"type":"if","locations":[{"start":{"line":24,"column":12},"end":{"line":24,"column":12}},{"start":{"line":24,"column":12},"end":{"line":24,"column":12}}]},"6":{"line":34,"type":"if","locations":[{"start":{"line":34,"column":4},"end":{"line":34,"column":4}},{"start":{"line":34,"column":4},"end":{"line":34,"column":4}}]},"7":{"line":38,"type":"if","locations":[{"start":{"line":38,"column":4},"end":{"line":38,"column":4}},{"start":{"line":38,"column":4},"end":{"line":38,"column":4}}]},"8":{"line":46,"type":"if","locations":[{"start":{"line":46,"column":12},"end":{"line":46,"column":12}},{"start":{"line":46,"column":12},"end":{"line":46,"column":12}}]}}},"/Users/gfranko/Yahoo!/cronshot/src/modules/utils.js":{"path":"/Users/gfranko/Yahoo!/cronshot/src/modules/utils.js","s":{"1":1,"2":221,"3":67,"4":67,"5":0,"6":48,"7":48,"8":0,"9":0,"10":0,"11":0,"12":0,"13":48,"14":48,"15":476,"16":476,"17":0,"18":0,"19":24,"20":0,"21":24,"22":24,"23":376,"24":24,"25":100,"26":100,"27":100,"28":0,"29":0,"30":0,"31":24,"32":12,"33":12,"34":72,"35":24,"36":12,"37":0,"38":0,"39":6,"40":6,"41":6,"42":33,"43":33},"b":{"1":[67,0],"2":[0,48],"3":[0,0],"4":[48,0],"5":[476,0],"6":[0,476],"7":[0,24],"8":[24,24],"9":[100,0],"10":[0,0],"11":[24,48],"12":[72,24],"13":[0,0],"14":[6,0],"15":[6,0],"16":[33,0],"17":[32,1],"18":[1,0]},"f":{"1":221,"2":67,"3":48,"4":24,"5":376,"6":100,"7":12,"8":72,"9":2,"10":0,"11":6,"12":33},"fnMap":{"1":{"name":"(anonymous_1)","line":10,"loc":{"start":{"line":10,"column":20},"end":{"line":10,"column":34}}},"2":{"name":"(anonymous_2)","line":13,"loc":{"start":{"line":13,"column":19},"end":{"line":13,"column":33}}},"3":{"name":"(anonymous_3)","line":20,"loc":{"start":{"line":20,"column":16},"end":{"line":20,"column":47}}},"4":{"name":"deepMerge","line":44,"loc":{"start":{"line":44,"column":24},"end":{"line":44,"column":72}}},"5":{"name":"(anonymous_5)","line":50,"loc":{"start":{"line":50,"column":39},"end":{"line":50,"column":53}}},"6":{"name":"(anonymous_6)","line":54,"loc":{"start":{"line":54,"column":36},"end":{"line":54,"column":50}}},"7":{"name":"(anonymous_7)","line":69,"loc":{"start":{"line":69,"column":33},"end":{"line":69,"column":44}}},"8":{"name":"(anonymous_8)","line":72,"loc":{"start":{"line":72,"column":33},"end":{"line":72,"column":57}}},"9":{"name":"noop","line":80,"loc":{"start":{"line":80,"column":16},"end":{"line":80,"column":32}}},"10":{"name":"(anonymous_10)","line":81,"loc":{"start":{"line":81,"column":19},"end":{"line":81,"column":41}}},"11":{"name":"(anonymous_11)","line":85,"loc":{"start":{"line":85,"column":20},"end":{"line":85,"column":43}}},"12":{"name":"(anonymous_12)","line":91,"loc":{"start":{"line":91,"column":15},"end":{"line":91,"column":45}}}},"statementMap":{"1":{"start":{"line":8,"column":0},"end":{"line":95,"column":6}},"2":{"start":{"line":11,"column":12},"end":{"line":11,"column":77}},"3":{"start":{"line":14,"column":12},"end":{"line":18,"column":13}},"4":{"start":{"line":15,"column":16},"end":{"line":15,"column":42}},"5":{"start":{"line":17,"column":16},"end":{"line":17,"column":80}},"6":{"start":{"line":21,"column":12},"end":{"line":22,"column":20}},"7":{"start":{"line":24,"column":12},"end":{"line":42,"column":13}},"8":{"start":{"line":25,"column":16},"end":{"line":25,"column":23}},"9":{"start":{"line":26,"column":16},"end":{"line":26,"column":40}},"10":{"start":{"line":27,"column":16},"end":{"line":31,"column":17}},"11":{"start":{"line":28,"column":20},"end":{"line":30,"column":21}},"12":{"start":{"line":29,"column":24},"end":{"line":29,"column":30}},"13":{"start":{"line":32,"column":19},"end":{"line":42,"column":13}},"14":{"start":{"line":33,"column":16},"end":{"line":39,"column":17}},"15":{"start":{"line":34,"column":20},"end":{"line":38,"column":21}},"16":{"start":{"line":35,"column":24},"end":{"line":37,"column":25}},"17":{"start":{"line":36,"column":28},"end":{"line":36,"column":34}},"18":{"start":{"line":41,"column":16},"end":{"line":41,"column":58}},"19":{"start":{"line":45,"column":12},"end":{"line":47,"column":13}},"20":{"start":{"line":46,"column":16},"end":{"line":46,"column":23}},"21":{"start":{"line":48,"column":12},"end":{"line":48,"column":28}},"22":{"start":{"line":50,"column":12},"end":{"line":52,"column":15}},"23":{"start":{"line":51,"column":16},"end":{"line":51,"column":50}},"24":{"start":{"line":54,"column":12},"end":{"line":65,"column":15}},"25":{"start":{"line":55,"column":16},"end":{"line":55,"column":57}},"26":{"start":{"line":56,"column":16},"end":{"line":64,"column":17}},"27":{"start":{"line":57,"column":20},"end":{"line":57,"column":52}},"28":{"start":{"line":59,"column":20},"end":{"line":63,"column":21}},"29":{"start":{"line":60,"column":24},"end":{"line":60,"column":56}},"30":{"start":{"line":62,"column":24},"end":{"line":62,"column":88}},"31":{"start":{"line":67,"column":12},"end":{"line":67,"column":26}},"32":{"start":{"line":70,"column":12},"end":{"line":70,"column":29}},"33":{"start":{"line":72,"column":12},"end":{"line":76,"column":15}},"34":{"start":{"line":73,"column":16},"end":{"line":75,"column":17}},"35":{"start":{"line":74,"column":20},"end":{"line":74,"column":87}},"36":{"start":{"line":78,"column":12},"end":{"line":78,"column":27}},"37":{"start":{"line":82,"column":12},"end":{"line":82,"column":37}},"38":{"start":{"line":83,"column":12},"end":{"line":83,"column":100}},"39":{"start":{"line":86,"column":12},"end":{"line":86,"column":36}},"40":{"start":{"line":88,"column":12},"end":{"line":88,"column":30}},"41":{"start":{"line":89,"column":12},"end":{"line":89,"column":76}},"42":{"start":{"line":92,"column":12},"end":{"line":92,"column":36}},"43":{"start":{"line":93,"column":12},"end":{"line":93,"column":115}}},"branchMap":{"1":{"line":14,"type":"if","locations":[{"start":{"line":14,"column":12},"end":{"line":14,"column":12}},{"start":{"line":14,"column":12},"end":{"line":14,"column":12}}]},"2":{"line":24,"type":"if","locations":[{"start":{"line":24,"column":12},"end":{"line":24,"column":12}},{"start":{"line":24,"column":12},"end":{"line":24,"column":12}}]},"3":{"line":28,"type":"if","locations":[{"start":{"line":28,"column":20},"end":{"line":28,"column":20}},{"start":{"line":28,"column":20},"end":{"line":28,"column":20}}]},"4":{"line":32,"type":"if","locations":[{"start":{"line":32,"column":19},"end":{"line":32,"column":19}},{"start":{"line":32,"column":19},"end":{"line":32,"column":19}}]},"5":{"line":34,"type":"if","locations":[{"start":{"line":34,"column":20},"end":{"line":34,"column":20}},{"start":{"line":34,"column":20},"end":{"line":34,"column":20}}]},"6":{"line":35,"type":"if","locations":[{"start":{"line":35,"column":24},"end":{"line":35,"column":24}},{"start":{"line":35,"column":24},"end":{"line":35,"column":24}}]},"7":{"line":45,"type":"if","locations":[{"start":{"line":45,"column":12},"end":{"line":45,"column":12}},{"start":{"line":45,"column":12},"end":{"line":45,"column":12}}]},"8":{"line":45,"type":"binary-expr","locations":[{"start":{"line":45,"column":16},"end":{"line":45,"column":47}},{"start":{"line":45,"column":51},"end":{"line":45,"column":79}}]},"9":{"line":56,"type":"if","locations":[{"start":{"line":56,"column":16},"end":{"line":56,"column":16}},{"start":{"line":56,"column":16},"end":{"line":56,"column":16}}]},"10":{"line":59,"type":"if","locations":[{"start":{"line":59,"column":20},"end":{"line":59,"column":20}},{"start":{"line":59,"column":20},"end":{"line":59,"column":20}}]},"11":{"line":73,"type":"if","locations":[{"start":{"line":73,"column":16},"end":{"line":73,"column":16}},{"start":{"line":73,"column":16},"end":{"line":73,"column":16}}]},"12":{"line":73,"type":"binary-expr","locations":[{"start":{"line":73,"column":20},"end":{"line":73,"column":41}},{"start":{"line":73,"column":45},"end":{"line":73,"column":66}}]},"13":{"line":82,"type":"binary-expr","locations":[{"start":{"line":82,"column":20},"end":{"line":82,"column":25}},{"start":{"line":82,"column":29},"end":{"line":82,"column":36}}]},"14":{"line":86,"type":"binary-expr","locations":[{"start":{"line":86,"column":22},"end":{"line":86,"column":29}},{"start":{"line":86,"column":33},"end":{"line":86,"column":35}}]},"15":{"line":89,"type":"cond-expr","locations":[{"start":{"line":89,"column":45},"end":{"line":89,"column":47}},{"start":{"line":89,"column":50},"end":{"line":89,"column":75}}]},"16":{"line":92,"type":"binary-expr","locations":[{"start":{"line":92,"column":22},"end":{"line":92,"column":29}},{"start":{"line":92,"column":33},"end":{"line":92,"column":35}}]},"17":{"line":93,"type":"cond-expr","locations":[{"start":{"line":93,"column":45},"end":{"line":93,"column":47}},{"start":{"line":93,"column":51},"end":{"line":93,"column":113}}]},"18":{"line":93,"type":"cond-expr","locations":[{"start":{"line":93,"column":69},"end":{"line":93,"column":85}},{"start":{"line":93,"column":88},"end":{"line":93,"column":113}}]}}},"/Users/gfranko/Yahoo!/cronshot/src/modules/defaultOptions.js":{"path":"/Users/gfranko/Yahoo!/cronshot/src/modules/defaultOptions.js","s":{"1":1},"b":{},"f":{},"fnMap":{},"statementMap":{"1":{"start":{"line":8,"column":0},"end":{"line":47,"column":2}}},"branchMap":{}},"/Users/gfranko/Yahoo!/cronshot/src/modules/startCronJob.js":{"path":"/Users/gfranko/Yahoo!/cronshot/src/modules/startCronJob.js","s":{"1":1,"2":1,"3":9,"4":1,"5":3,"6":1,"7":1,"8":2,"9":2,"10":2,"11":2,"12":1,"13":8},"b":{"1":[1,8],"2":[1,2],"3":[3,3]},"f":{"1":9,"2":3},"fnMap":{"1":{"name":"(anonymous_1)","line":13,"loc":{"start":{"line":13,"column":17},"end":{"line":13,"column":45}}},"2":{"name":"fn","line":15,"loc":{"start":{"line":15,"column":51},"end":{"line":15,"column":65}}}},"statementMap":{"1":{"start":{"line":8,"column":0},"end":{"line":11,"column":14}},"2":{"start":{"line":13,"column":0},"end":{"line":31,"column":2}},"3":{"start":{"line":14,"column":4},"end":{"line":30,"column":5}},"4":{"start":{"line":15,"column":8},"end":{"line":25,"column":54}},"5":{"start":{"line":16,"column":12},"end":{"line":19,"column":13}},"6":{"start":{"line":17,"column":16},"end":{"line":17,"column":35}},"7":{"start":{"line":18,"column":16},"end":{"line":18,"column":23}},"8":{"start":{"line":20,"column":12},"end":{"line":20,"column":23}},"9":{"start":{"line":21,"column":12},"end":{"line":21,"column":148}},"10":{"start":{"line":23,"column":12},"end":{"line":23,"column":47}},"11":{"start":{"line":24,"column":12},"end":{"line":24,"column":22}},"12":{"start":{"line":27,"column":8},"end":{"line":27,"column":20}},"13":{"start":{"line":29,"column":8},"end":{"line":29,"column":41}}},"branchMap":{"1":{"line":14,"type":"if","locations":[{"start":{"line":14,"column":4},"end":{"line":14,"column":4}},{"start":{"line":14,"column":4},"end":{"line":14,"column":4}}]},"2":{"line":16,"type":"if","locations":[{"start":{"line":16,"column":12},"end":{"line":16,"column":12}},{"start":{"line":16,"column":12},"end":{"line":16,"column":12}}]},"3":{"line":16,"type":"binary-expr","locations":[{"start":{"line":16,"column":17},"end":{"line":16,"column":48}},{"start":{"line":16,"column":53},"end":{"line":16,"column":73}}]}}},"/Users/gfranko/Yahoo!/cronshot/src/modules/onTickFactory.js":{"path":"/Users/gfranko/Yahoo!/cronshot/src/modules/onTickFactory.js","s":{"1":1,"2":14,"3":14,"4":14,"5":0,"6":0,"7":14,"8":0,"9":0,"10":14,"11":14,"12":14,"13":14,"14":1,"15":1,"16":13,"17":13,"18":1,"19":10,"20":10,"21":10,"22":10,"23":1,"24":1,"25":9,"26":8,"27":9,"28":9,"29":10,"30":10,"31":10,"32":1,"33":1,"34":1,"35":9,"36":9,"37":1,"38":8,"39":8,"40":13,"41":13,"42":2,"43":2,"44":0,"45":0,"46":2,"47":11,"48":11,"49":11,"50":0,"51":0,"52":11,"53":8,"54":8,"55":0},"b":{"1":[14,0],"2":[0,14],"3":[0,14],"4":[14,0],"5":[14,14],"6":[14,0],"7":[14,0],"8":[1,13],"9":[13,13],"10":[1,9],"11":[10,10],"12":[8,1],"13":[10,10],"14":[1,9],"15":[9,0],"16":[1,8],"17":[8,0],"18":[2,11],"19":[13,2],"20":[0,2],"21":[2,0],"22":[0,2],"23":[2,2],"24":[11,0],"25":[0,11],"26":[11,11],"27":[8,0]},"f":{"1":14,"2":0,"3":14,"4":10,"5":10,"6":10,"7":13,"8":13,"9":2,"10":11},"fnMap":{"1":{"name":"(anonymous_1)","line":11,"loc":{"start":{"line":11,"column":21},"end":{"line":11,"column":45}}},"2":{"name":"(anonymous_2)","line":12,"loc":{"start":{"line":12,"column":31},"end":{"line":12,"column":42}}},"3":{"name":"(anonymous_3)","line":35,"loc":{"start":{"line":35,"column":15},"end":{"line":35,"column":35}}},"4":{"name":"onTickFactory","line":47,"loc":{"start":{"line":47,"column":17},"end":{"line":47,"column":59}}},"5":{"name":"(anonymous_5)","line":55,"loc":{"start":{"line":55,"column":29},"end":{"line":55,"column":43}}},"6":{"name":"(anonymous_6)","line":68,"loc":{"start":{"line":68,"column":34},"end":{"line":68,"column":60}}},"7":{"name":"(anonymous_7)","line":86,"loc":{"start":{"line":86,"column":53},"end":{"line":86,"column":81}}},"8":{"name":"(anonymous_8)","line":87,"loc":{"start":{"line":87,"column":27},"end":{"line":87,"column":40}}},"9":{"name":"(anonymous_9)","line":93,"loc":{"start":{"line":93,"column":31},"end":{"line":93,"column":45}}},"10":{"name":"(anonymous_10)","line":107,"loc":{"start":{"line":107,"column":31},"end":{"line":107,"column":45}}}},"statementMap":{"1":{"start":{"line":8,"column":0},"end":{"line":45,"column":6}},"2":{"start":{"line":12,"column":8},"end":{"line":12,"column":45}},"3":{"start":{"line":13,"column":8},"end":{"line":19,"column":42}},"4":{"start":{"line":21,"column":8},"end":{"line":44,"column":9}},"5":{"start":{"line":22,"column":12},"end":{"line":22,"column":110}},"6":{"start":{"line":23,"column":12},"end":{"line":23,"column":106}},"7":{"start":{"line":24,"column":15},"end":{"line":44,"column":9}},"8":{"start":{"line":25,"column":12},"end":{"line":25,"column":122}},"9":{"start":{"line":26,"column":12},"end":{"line":26,"column":118}},"10":{"start":{"line":28,"column":12},"end":{"line":30,"column":13}},"11":{"start":{"line":29,"column":16},"end":{"line":29,"column":146}},"12":{"start":{"line":32,"column":12},"end":{"line":43,"column":15}},"13":{"start":{"line":36,"column":16},"end":{"line":42,"column":17}},"14":{"start":{"line":37,"column":20},"end":{"line":37,"column":49}},"15":{"start":{"line":38,"column":20},"end":{"line":38,"column":34}},"16":{"start":{"line":40,"column":20},"end":{"line":40,"column":211}},"17":{"start":{"line":41,"column":20},"end":{"line":41,"column":35}},"18":{"start":{"line":47,"column":0},"end":{"line":128,"column":2}},"19":{"start":{"line":48,"column":4},"end":{"line":48,"column":54}},"20":{"start":{"line":53,"column":4},"end":{"line":53,"column":31}},"21":{"start":{"line":55,"column":4},"end":{"line":66,"column":6}},"22":{"start":{"line":56,"column":8},"end":{"line":59,"column":9}},"23":{"start":{"line":57,"column":12},"end":{"line":57,"column":41}},"24":{"start":{"line":58,"column":12},"end":{"line":58,"column":19}},"25":{"start":{"line":60,"column":8},"end":{"line":62,"column":9}},"26":{"start":{"line":61,"column":12},"end":{"line":61,"column":138}},"27":{"start":{"line":64,"column":8},"end":{"line":64,"column":30}},"28":{"start":{"line":65,"column":8},"end":{"line":65,"column":22}},"29":{"start":{"line":68,"column":4},"end":{"line":127,"column":7}},"30":{"start":{"line":69,"column":8},"end":{"line":69,"column":35}},"31":{"start":{"line":71,"column":8},"end":{"line":75,"column":9}},"32":{"start":{"line":72,"column":12},"end":{"line":72,"column":41}},"33":{"start":{"line":73,"column":12},"end":{"line":73,"column":36}},"34":{"start":{"line":74,"column":12},"end":{"line":74,"column":19}},"35":{"start":{"line":77,"column":8},"end":{"line":126,"column":9}},"36":{"start":{"line":78,"column":12},"end":{"line":125,"column":13}},"37":{"start":{"line":79,"column":16},"end":{"line":84,"column":39}},"38":{"start":{"line":85,"column":19},"end":{"line":125,"column":13}},"39":{"start":{"line":86,"column":16},"end":{"line":118,"column":19}},"40":{"start":{"line":87,"column":20},"end":{"line":117,"column":22}},"41":{"start":{"line":88,"column":24},"end":{"line":116,"column":25}},"42":{"start":{"line":89,"column":28},"end":{"line":101,"column":31}},"43":{"start":{"line":94,"column":32},"end":{"line":99,"column":33}},"44":{"start":{"line":97,"column":36},"end":{"line":97,"column":77}},"45":{"start":{"line":98,"column":36},"end":{"line":98,"column":43}},"46":{"start":{"line":100,"column":32},"end":{"line":100,"column":40}},"47":{"start":{"line":102,"column":31},"end":{"line":116,"column":25}},"48":{"start":{"line":103,"column":28},"end":{"line":115,"column":31}},"49":{"start":{"line":108,"column":32},"end":{"line":113,"column":33}},"50":{"start":{"line":111,"column":36},"end":{"line":111,"column":77}},"51":{"start":{"line":112,"column":36},"end":{"line":112,"column":43}},"52":{"start":{"line":114,"column":32},"end":{"line":114,"column":40}},"53":{"start":{"line":120,"column":16},"end":{"line":124,"column":17}},"54":{"start":{"line":121,"column":20},"end":{"line":121,"column":60}},"55":{"start":{"line":123,"column":20},"end":{"line":123,"column":81}}},"branchMap":{"1":{"line":12,"type":"binary-expr","locations":[{"start":{"line":12,"column":19},"end":{"line":12,"column":27}},{"start":{"line":12,"column":31},"end":{"line":12,"column":44}}]},"2":{"line":21,"type":"if","locations":[{"start":{"line":21,"column":8},"end":{"line":21,"column":8}},{"start":{"line":21,"column":8},"end":{"line":21,"column":8}}]},"3":{"line":24,"type":"if","locations":[{"start":{"line":24,"column":15},"end":{"line":24,"column":15}},{"start":{"line":24,"column":15},"end":{"line":24,"column":15}}]},"4":{"line":28,"type":"if","locations":[{"start":{"line":28,"column":12},"end":{"line":28,"column":12}},{"start":{"line":28,"column":12},"end":{"line":28,"column":12}}]},"5":{"line":28,"type":"binary-expr","locations":[{"start":{"line":28,"column":16},"end":{"line":28,"column":20}},{"start":{"line":28,"column":24},"end":{"line":28,"column":33}}]},"6":{"line":29,"type":"cond-expr","locations":[{"start":{"line":29,"column":118},"end":{"line":29,"column":127}},{"start":{"line":29,"column":130},"end":{"line":29,"column":145}}]},"7":{"line":29,"type":"binary-expr","locations":[{"start":{"line":29,"column":48},"end":{"line":29,"column":84}},{"start":{"line":29,"column":88},"end":{"line":29,"column":115}}]},"8":{"line":36,"type":"if","locations":[{"start":{"line":36,"column":16},"end":{"line":36,"column":16}},{"start":{"line":36,"column":16},"end":{"line":36,"column":16}}]},"9":{"line":40,"type":"binary-expr","locations":[{"start":{"line":40,"column":153},"end":{"line":40,"column":161}},{"start":{"line":40,"column":165},"end":{"line":40,"column":169}}]},"10":{"line":56,"type":"if","locations":[{"start":{"line":56,"column":8},"end":{"line":56,"column":8}},{"start":{"line":56,"column":8},"end":{"line":56,"column":8}}]},"11":{"line":56,"type":"binary-expr","locations":[{"start":{"line":56,"column":12},"end":{"line":56,"column":26}},{"start":{"line":56,"column":30},"end":{"line":56,"column":43}}]},"12":{"line":60,"type":"if","locations":[{"start":{"line":60,"column":8},"end":{"line":60,"column":8}},{"start":{"line":60,"column":8},"end":{"line":60,"column":8}}]},"13":{"line":69,"type":"binary-expr","locations":[{"start":{"line":69,"column":14},"end":{"line":69,"column":17}},{"start":{"line":69,"column":21},"end":{"line":69,"column":34}}]},"14":{"line":71,"type":"if","locations":[{"start":{"line":71,"column":8},"end":{"line":71,"column":8}},{"start":{"line":71,"column":8},"end":{"line":71,"column":8}}]},"15":{"line":77,"type":"if","locations":[{"start":{"line":77,"column":8},"end":{"line":77,"column":8}},{"start":{"line":77,"column":8},"end":{"line":77,"column":8}}]},"16":{"line":78,"type":"if","locations":[{"start":{"line":78,"column":12},"end":{"line":78,"column":12}},{"start":{"line":78,"column":12},"end":{"line":78,"column":12}}]},"17":{"line":85,"type":"if","locations":[{"start":{"line":85,"column":19},"end":{"line":85,"column":19}},{"start":{"line":85,"column":19},"end":{"line":85,"column":19}}]},"18":{"line":88,"type":"if","locations":[{"start":{"line":88,"column":24},"end":{"line":88,"column":24}},{"start":{"line":88,"column":24},"end":{"line":88,"column":24}}]},"19":{"line":88,"type":"binary-expr","locations":[{"start":{"line":88,"column":28},"end":{"line":88,"column":61}},{"start":{"line":88,"column":65},"end":{"line":88,"column":115}}]},"20":{"line":91,"type":"cond-expr","locations":[{"start":{"line":91,"column":116},"end":{"line":91,"column":170}},{"start":{"line":91,"column":173},"end":{"line":91,"column":180}}]},"21":{"line":91,"type":"binary-expr","locations":[{"start":{"line":91,"column":43},"end":{"line":91,"column":68}},{"start":{"line":91,"column":72},"end":{"line":91,"column":113}}]},"22":{"line":94,"type":"if","locations":[{"start":{"line":94,"column":32},"end":{"line":94,"column":32}},{"start":{"line":94,"column":32},"end":{"line":94,"column":32}}]},"23":{"line":94,"type":"binary-expr","locations":[{"start":{"line":94,"column":36},"end":{"line":94,"column":50}},{"start":{"line":94,"column":54},"end":{"line":94,"column":67}}]},"24":{"line":102,"type":"if","locations":[{"start":{"line":102,"column":31},"end":{"line":102,"column":31}},{"start":{"line":102,"column":31},"end":{"line":102,"column":31}}]},"25":{"line":108,"type":"if","locations":[{"start":{"line":108,"column":32},"end":{"line":108,"column":32}},{"start":{"line":108,"column":32},"end":{"line":108,"column":32}}]},"26":{"line":108,"type":"binary-expr","locations":[{"start":{"line":108,"column":36},"end":{"line":108,"column":50}},{"start":{"line":108,"column":54},"end":{"line":108,"column":67}}]},"27":{"line":120,"type":"if","locations":[{"start":{"line":120,"column":16},"end":{"line":120,"column":16}},{"start":{"line":120,"column":16},"end":{"line":120,"column":16}}]}}}}