TN:
SF:/Users/gfranko/Yahoo!/cronshot/src/index.js
FNF:0
FNH:0
DA:8,1
DA:10,1
LF:2
LH:2
BRF:0
BRH:0
end_of_record
TN:
SF:/Users/gfranko/Yahoo!/cronshot/src/modules/startCapturing.js
FN:12,(anonymous_1)
FN:33,(anonymous_2)
FN:39,(anonymous_3)
FN:40,(anonymous_4)
FN:45,(anonymous_5)
FNF:5
FNH:5
FNDA:12,(anonymous_1)
FNDA:11,(anonymous_2)
FNDA:2,(anonymous_3)
FNDA:2,(anonymous_4)
FNDA:1,(anonymous_5)
DA:8,1
DA:14,12
DA:17,12
DA:18,1
DA:19,1
DA:20,11
DA:21,2
DA:22,2
DA:24,9
DA:25,1
DA:27,8
DA:29,9
DA:33,1
DA:34,11
DA:35,0
DA:38,11
DA:39,1
DA:40,2
DA:41,2
DA:45,1
DA:46,1
DA:47,0
DA:48,0
DA:49,0
DA:51,1
DA:52,1
DA:55,10
LF:27
LH:23
BRDA:14,1,0,12
BRDA:14,1,1,0
BRDA:17,2,0,1
BRDA:17,2,1,11
BRDA:20,3,0,2
BRDA:20,3,1,9
BRDA:20,4,0,11
BRDA:20,4,1,11
BRDA:24,5,0,1
BRDA:24,5,1,8
BRDA:34,6,0,0
BRDA:34,6,1,11
BRDA:38,7,0,1
BRDA:38,7,1,10
BRDA:46,8,0,0
BRDA:46,8,1,1
BRF:16
BRH:13
end_of_record
TN:
SF:/Users/gfranko/Yahoo!/cronshot/src/modules/utils.js
FN:10,(anonymous_1)
FN:13,(anonymous_2)
FN:20,(anonymous_3)
FN:44,deepMerge
FN:50,(anonymous_5)
FN:54,(anonymous_6)
FN:69,(anonymous_7)
FN:72,(anonymous_8)
FN:80,noop
FN:81,(anonymous_10)
FN:85,(anonymous_11)
FN:91,(anonymous_12)
FNF:12
FNH:11
FNDA:221,(anonymous_1)
FNDA:67,(anonymous_2)
FNDA:48,(anonymous_3)
FNDA:24,deepMerge
FNDA:376,(anonymous_5)
FNDA:100,(anonymous_6)
FNDA:12,(anonymous_7)
FNDA:72,(anonymous_8)
FNDA:2,noop
FNDA:0,(anonymous_10)
FNDA:6,(anonymous_11)
FNDA:33,(anonymous_12)
DA:8,1
DA:11,221
DA:14,67
DA:15,67
DA:17,0
DA:21,48
DA:24,48
DA:25,0
DA:26,0
DA:27,0
DA:28,0
DA:29,0
DA:32,48
DA:33,48
DA:34,476
DA:35,476
DA:36,0
DA:41,0
DA:45,24
DA:46,0
DA:48,24
DA:50,24
DA:51,376
DA:54,24
DA:55,100
DA:56,100
DA:57,100
DA:59,0
DA:60,0
DA:62,0
DA:67,24
DA:70,12
DA:72,12
DA:73,72
DA:74,24
DA:78,12
DA:82,0
DA:83,0
DA:86,6
DA:88,6
DA:89,6
DA:92,33
DA:93,33
LF:43
LH:29
BRDA:14,1,0,67
BRDA:14,1,1,0
BRDA:24,2,0,0
BRDA:24,2,1,48
BRDA:28,3,0,0
BRDA:28,3,1,0
BRDA:32,4,0,48
BRDA:32,4,1,0
BRDA:34,5,0,476
BRDA:34,5,1,0
BRDA:35,6,0,0
BRDA:35,6,1,476
BRDA:45,7,0,0
BRDA:45,7,1,24
BRDA:45,8,0,24
BRDA:45,8,1,24
BRDA:56,9,0,100
BRDA:56,9,1,0
BRDA:59,10,0,0
BRDA:59,10,1,0
BRDA:73,11,0,24
BRDA:73,11,1,48
BRDA:73,12,0,72
BRDA:73,12,1,24
BRDA:82,13,0,0
BRDA:82,13,1,0
BRDA:86,14,0,6
BRDA:86,14,1,0
BRDA:89,15,0,6
BRDA:89,15,1,0
BRDA:92,16,0,33
BRDA:92,16,1,0
BRDA:93,17,0,32
BRDA:93,17,1,1
BRDA:93,18,0,1
BRDA:93,18,1,0
BRF:36
BRH:19
end_of_record
TN:
SF:/Users/gfranko/Yahoo!/cronshot/src/modules/defaultOptions.js
FNF:0
FNH:0
DA:8,1
LF:1
LH:1
BRF:0
BRH:0
end_of_record
TN:
SF:/Users/gfranko/Yahoo!/cronshot/src/modules/startCronJob.js
FN:13,(anonymous_1)
FN:15,fn
FNF:2
FNH:2
FNDA:9,(anonymous_1)
FNDA:3,fn
DA:8,1
DA:13,1
DA:14,9
DA:15,1
DA:16,3
DA:17,1
DA:18,1
DA:20,2
DA:21,2
DA:23,2
DA:24,2
DA:27,1
DA:29,8
LF:13
LH:13
BRDA:14,1,0,1
BRDA:14,1,1,8
BRDA:16,2,0,1
BRDA:16,2,1,2
BRDA:16,3,0,3
BRDA:16,3,1,3
BRF:6
BRH:6
end_of_record
TN:
SF:/Users/gfranko/Yahoo!/cronshot/src/modules/onTickFactory.js
FN:11,(anonymous_1)
FN:12,(anonymous_2)
FN:35,(anonymous_3)
FN:47,onTickFactory
FN:55,(anonymous_5)
FN:68,(anonymous_6)
FN:86,(anonymous_7)
FN:87,(anonymous_8)
FN:93,(anonymous_9)
FN:107,(anonymous_10)
FNF:10
FNH:9
FNDA:14,(anonymous_1)
FNDA:0,(anonymous_2)
FNDA:14,(anonymous_3)
FNDA:10,onTickFactory
FNDA:10,(anonymous_5)
FNDA:10,(anonymous_6)
FNDA:13,(anonymous_7)
FNDA:13,(anonymous_8)
FNDA:2,(anonymous_9)
FNDA:11,(anonymous_10)
DA:8,1
DA:12,14
DA:13,14
DA:21,14
DA:22,0
DA:23,0
DA:24,14
DA:25,0
DA:26,0
DA:28,14
DA:29,14
DA:32,14
DA:36,14
DA:37,1
DA:38,1
DA:40,13
DA:41,13
DA:47,1
DA:48,10
DA:53,10
DA:55,10
DA:56,10
DA:57,1
DA:58,1
DA:60,9
DA:61,8
DA:64,9
DA:65,9
DA:68,10
DA:69,10
DA:71,10
DA:72,1
DA:73,1
DA:74,1
DA:77,9
DA:78,9
DA:79,1
DA:85,8
DA:86,8
DA:87,13
DA:88,13
DA:89,2
DA:94,2
DA:97,0
DA:98,0
DA:100,2
DA:102,11
DA:103,11
DA:108,11
DA:111,0
DA:112,0
DA:114,11
DA:120,8
DA:121,8
DA:123,0
LF:55
LH:46
BRDA:12,1,0,14
BRDA:12,1,1,0
BRDA:21,2,0,0
BRDA:21,2,1,14
BRDA:24,3,0,0
BRDA:24,3,1,14
BRDA:28,4,0,14
BRDA:28,4,1,0
BRDA:28,5,0,14
BRDA:28,5,1,14
BRDA:29,6,0,14
BRDA:29,6,1,0
BRDA:29,7,0,14
BRDA:29,7,1,0
BRDA:36,8,0,1
BRDA:36,8,1,13
BRDA:40,9,0,13
BRDA:40,9,1,13
BRDA:56,10,0,1
BRDA:56,10,1,9
BRDA:56,11,0,10
BRDA:56,11,1,10
BRDA:60,12,0,8
BRDA:60,12,1,1
BRDA:69,13,0,10
BRDA:69,13,1,10
BRDA:71,14,0,1
BRDA:71,14,1,9
BRDA:77,15,0,9
BRDA:77,15,1,0
BRDA:78,16,0,1
BRDA:78,16,1,8
BRDA:85,17,0,8
BRDA:85,17,1,0
BRDA:88,18,0,2
BRDA:88,18,1,11
BRDA:88,19,0,13
BRDA:88,19,1,2
BRDA:91,20,0,0
BRDA:91,20,1,2
BRDA:91,21,0,2
BRDA:91,21,1,0
BRDA:94,22,0,0
BRDA:94,22,1,2
BRDA:94,23,0,2
BRDA:94,23,1,2
BRDA:102,24,0,11
BRDA:102,24,1,0
BRDA:108,25,0,0
BRDA:108,25,1,11
BRDA:108,26,0,11
BRDA:108,26,1,11
BRDA:120,27,0,8
BRDA:120,27,1,0
BRF:54
BRH:40
end_of_record
